<?xml version="1.0" encoding="UTF-8"?>
<!-- Generated by org.testng.reporters.JUnitReportReporter -->
<testsuite hostname="DESKTOP-G8BQMC1" failures="0" tests="2" name="module.authentication.RunnerAuthentication" time="21.651" errors="0" timestamp="2022-11-30T20:54:05 WIB" skipped="0">
  <testcase classname="module.authentication.RunnerAuthentication" name="runScenario" time="9.067"/>
  <system-out/>
  <testcase classname="module.authentication.RunnerAuthentication" name="runScenario" time="12.584"/>
  <system-out/>
</testsuite> <!-- module.authentication.RunnerAuthentication -->
