<?xml version="1.0" encoding="UTF-8"?>
<!-- Generated by org.testng.reporters.JUnitReportReporter -->
<testsuite hostname="DESKTOP-G8BQMC1" failures="0" tests="2" name="runners.RunnerTestNGTestModuleTestDasar" time="0.222" errors="0" timestamp="2022-11-30T20:54:05 WIB" skipped="0">
  <testcase classname="runners.RunnerTestNGTestModuleTestDasar" name="runScenario" time="0.205"/>
  <system-out/>
  <testcase classname="runners.RunnerTestNGTestModuleTestDasar" name="runScenario" time="0.017"/>
  <system-out/>
</testsuite> <!-- runners.RunnerTestNGTestModuleTestDasar -->
